Logfile initialized
[INFO] logfile = /Users/Darren/Work/FirstProject/build.log
[DEBUG] /Library/Application Support/Titanium/mobilesdk/osx/2.1.2.GA/android/builder.py simulator FirstProject /Users/Darren/Work/android-sdk-mac_x86 /Users/Darren/Work/FirstProject com.mycompany.firstapp 7 HVGA 
[INFO] Building FirstProject for Android ... one moment
[INFO] Titanium SDK version: 2.1.2 (08/24/12 14:46 ed7f777)
[DEBUG] Waiting for device to be ready ...
[TRACE] adb devices returned 1 devices/emulators
[DEBUG] Device connected... (waited 0 seconds)
[DEBUG] waited 0.016647 seconds on emulator to get ready
[DEBUG] com.mycompany.firstapp installed? True
[INFO] Fastdev server running, deploying in Fastdev mode
[INFO] Copying CommonJS modules...
[INFO] Copying project resources..
[INFO] Detected change in tiapp.xml, or assets deleted. Forcing full re-build...
[TRACE] COPYING CREATED FILE: /Users/Darren/Work/FirstProject/Resources/android/appicon.png => /Users/Darren/Work/FirstProject/build/android/bin/assets/Resources/appicon.png
[TRACE] COPYING CREATED FILE: /Users/Darren/Work/FirstProject/Resources/android/default.png => /Users/Darren/Work/FirstProject/build/android/bin/assets/Resources/default.png
[TRACE] COPYING CREATED FILE: /Users/Darren/Work/FirstProject/Resources/app.js => /Users/Darren/Work/FirstProject/build/android/bin/assets/Resources/app.js
[TRACE] COPYING CREATED FILE: /Users/Darren/Work/FirstProject/Resources/KS_nav_ui.png => /Users/Darren/Work/FirstProject/build/android/bin/assets/Resources/KS_nav_ui.png
[TRACE] COPYING CREATED FILE: /Users/Darren/Work/FirstProject/Resources/KS_nav_views.png => /Users/Darren/Work/FirstProject/build/android/bin/assets/Resources/KS_nav_views.png
[TRACE] Generating Java Classes
[DEBUG] Processing Android resource drawables
[DEBUG] app stylesheet => /Users/Darren/Work/FirstProject/build/android/gen/com/mycompany/firstapp/ApplicationStylesheet.java
[DEBUG] copying app icon: /Users/Darren/Work/FirstProject/build/android/bin/assets/Resources/appicon.png
[DEBUG] generating theme.xml
[DEBUG] found drawable-long-land-hdpi splash screen at /Users/Darren/Work/FirstProject/Resources/android/images/res-long-land-hdpi/default.png
[DEBUG] copying /Users/Darren/Work/FirstProject/Resources/android/images/res-long-land-hdpi/default.png splash screen to /Users/Darren/Work/FirstProject/build/android/res/drawable-long-land-hdpi/background.png
[DEBUG] found drawable-long-land-ldpi splash screen at /Users/Darren/Work/FirstProject/Resources/android/images/res-long-land-ldpi/default.png
[DEBUG] copying /Users/Darren/Work/FirstProject/Resources/android/images/res-long-land-ldpi/default.png splash screen to /Users/Darren/Work/FirstProject/build/android/res/drawable-long-land-ldpi/background.png
[DEBUG] found drawable-long-port-hdpi splash screen at /Users/Darren/Work/FirstProject/Resources/android/images/res-long-port-hdpi/default.png
[DEBUG] copying /Users/Darren/Work/FirstProject/Resources/android/images/res-long-port-hdpi/default.png splash screen to /Users/Darren/Work/FirstProject/build/android/res/drawable-long-port-hdpi/background.png
[DEBUG] found drawable-long-port-ldpi splash screen at /Users/Darren/Work/FirstProject/Resources/android/images/res-long-port-ldpi/default.png
[DEBUG] copying /Users/Darren/Work/FirstProject/Resources/android/images/res-long-port-ldpi/default.png splash screen to /Users/Darren/Work/FirstProject/build/android/res/drawable-long-port-ldpi/background.png
[DEBUG] found drawable-notlong-land-hdpi splash screen at /Users/Darren/Work/FirstProject/Resources/android/images/res-notlong-land-hdpi/default.png
[DEBUG] copying /Users/Darren/Work/FirstProject/Resources/android/images/res-notlong-land-hdpi/default.png splash screen to /Users/Darren/Work/FirstProject/build/android/res/drawable-notlong-land-hdpi/background.png
[DEBUG] found drawable-notlong-land-ldpi splash screen at /Users/Darren/Work/FirstProject/Resources/android/images/res-notlong-land-ldpi/default.png
[DEBUG] copying /Users/Darren/Work/FirstProject/Resources/android/images/res-notlong-land-ldpi/default.png splash screen to /Users/Darren/Work/FirstProject/build/android/res/drawable-notlong-land-ldpi/background.png
[DEBUG] found drawable-notlong-land-mdpi splash screen at /Users/Darren/Work/FirstProject/Resources/android/images/res-notlong-land-mdpi/default.png
[DEBUG] copying /Users/Darren/Work/FirstProject/Resources/android/images/res-notlong-land-mdpi/default.png splash screen to /Users/Darren/Work/FirstProject/build/android/res/drawable-notlong-land-mdpi/background.png
[DEBUG] found drawable-notlong-port-hdpi splash screen at /Users/Darren/Work/FirstProject/Resources/android/images/res-notlong-port-hdpi/default.png
[DEBUG] copying /Users/Darren/Work/FirstProject/Resources/android/images/res-notlong-port-hdpi/default.png splash screen to /Users/Darren/Work/FirstProject/build/android/res/drawable-notlong-port-hdpi/background.png
[DEBUG] found drawable-notlong-port-ldpi splash screen at /Users/Darren/Work/FirstProject/Resources/android/images/res-notlong-port-ldpi/default.png
[DEBUG] copying /Users/Darren/Work/FirstProject/Resources/android/images/res-notlong-port-ldpi/default.png splash screen to /Users/Darren/Work/FirstProject/build/android/res/drawable-notlong-port-ldpi/background.png
[DEBUG] found drawable-notlong-port-mdpi splash screen at /Users/Darren/Work/FirstProject/Resources/android/images/res-notlong-port-mdpi/default.png
[DEBUG] copying /Users/Darren/Work/FirstProject/Resources/android/images/res-notlong-port-mdpi/default.png splash screen to /Users/Darren/Work/FirstProject/build/android/res/drawable-notlong-port-mdpi/background.png
[DEBUG] found splash screen at /Users/Darren/Work/FirstProject/build/android/bin/assets/Resources/default.png
[TRACE] Writing out AndroidManifest.xml
[DEBUG] adding /Users/Darren/Work/FirstProject/build/android/gen/com/mycompany/firstapp/ApplicationStylesheet.java to javac build list
[DEBUG] adding /Users/Darren/Work/FirstProject/build/android/gen/com/mycompany/firstapp/FirstprojectActivity.java to javac build list
[DEBUG] adding /Users/Darren/Work/FirstProject/build/android/gen/com/mycompany/firstapp/FirstprojectAppInfo.java to javac build list
[DEBUG] adding /Users/Darren/Work/FirstProject/build/android/gen/com/mycompany/firstapp/FirstprojectApplication.java to javac build list
[DEBUG] adding /Users/Darren/Work/FirstProject/build/android/gen/com/mycompany/firstapp/R.java to javac build list
[DEBUG] Building Java Sources: "/Users/Darren/Work/FirstProject/build/android/gen/com/mycompany/firstapp/ApplicationStylesheet.java" "/Users/Darren/Work/FirstProject/build/android/gen/com/mycompany/firstapp/FirstprojectActivity.java" "/Users/Darren/Work/FirstProject/build/android/gen/com/mycompany/firstapp/FirstprojectAppInfo.java" "/Users/Darren/Work/FirstProject/build/android/gen/com/mycompany/firstapp/FirstprojectApplication.java" "/Users/Darren/Work/FirstProject/build/android/gen/com/mycompany/firstapp/R.java"
[INFO] Waiting for SDCard to become available..
[INFO] Compiling Android Resources... This could take some time
[DEBUG] Android classes.dex built
[DEBUG] creating unsigned apk: /Users/Darren/Work/FirstProject/build/android/bin/app-unsigned.apk
[DEBUG] from resource zip => assets/Resources/KS_nav_ui.png
[DEBUG] from resource zip => assets/Resources/KS_nav_views.png
[DEBUG] from resource zip => assets/Resources/app.js
[DEBUG] from resource zip => assets/Resources/appicon.png
[DEBUG] from resource zip => assets/Resources/default.png
[DEBUG] from resource zip => assets/app.json
[DEBUG] from resource zip => assets/index.json
[DEBUG] from resource zip => assets/tiapp.xml
[DEBUG] from resource zip => res/drawable/appicon.png
[DEBUG] from resource zip => res/drawable/background.png
[DEBUG] from resource zip => res/drawable/close.png
[DEBUG] from resource zip => res/drawable/facebook_login.png
[DEBUG] from resource zip => res/drawable/facebook_login_down.png
[DEBUG] from resource zip => res/drawable/facebook_login_wide.png
[DEBUG] from resource zip => res/drawable/facebook_login_wide_down.png
[DEBUG] from resource zip => res/drawable/facebook_logout.png
[DEBUG] from resource zip => res/drawable/facebook_logout_down.png
[DEBUG] from resource zip => res/layout/titanium_tabgroup.xml
[DEBUG] from resource zip => AndroidManifest.xml
[DEBUG] from resource zip => resources.arsc
[DEBUG] from resource zip => res/drawable-hdpi/close.png
[DEBUG] from resource zip => res/drawable-ldpi/close.png
[DEBUG] from resource zip => res/drawable-long-land-hdpi/background.png
[DEBUG] from resource zip => res/drawable-long-land-ldpi/background.png
[DEBUG] from resource zip => res/drawable-long-port-hdpi/background.png
[DEBUG] from resource zip => res/drawable-long-port-ldpi/background.png
[DEBUG] from resource zip => res/drawable-notlong-land-hdpi/background.png
[DEBUG] from resource zip => res/drawable-notlong-land-ldpi/background.png
[DEBUG] from resource zip => res/drawable-notlong-land-mdpi/background.png
[DEBUG] from resource zip => res/drawable-notlong-port-hdpi/background.png
[DEBUG] from resource zip => res/drawable-notlong-port-ldpi/background.png
[DEBUG] from resource zip => res/drawable-notlong-port-mdpi/background.png
[DEBUG] from JAR /Library/Application Support/Titanium/mobilesdk/osx/2.1.2.GA/android/modules/titanium-facebook.jar => ti/modules/titanium/facebook/LICENSE
[DEBUG] from JAR /Library/Application Support/Titanium/mobilesdk/osx/2.1.2.GA/android/thirdparty.jar => org/apache/Commons-NOTICE.txt
[DEBUG] from JAR /Library/Application Support/Titanium/mobilesdk/osx/2.1.2.GA/android/thirdparty.jar => org/apache/HttpComponents-NOTICE.txt
[DEBUG] from JAR /Library/Application Support/Titanium/mobilesdk/osx/2.1.2.GA/android/thirdparty.jar => org/apache/mime4j-NOTICE.txt
[DEBUG] from JAR /Library/Application Support/Titanium/mobilesdk/osx/2.1.2.GA/android/modules/titanium-ui.jar => ti/modules/titanium/ui/widget/webview/binding.js
[DEBUG] from JAR /Library/Application Support/Titanium/mobilesdk/osx/2.1.2.GA/android/modules/titanium-ui.jar => ti/modules/titanium/ui/widget/webview/binding.min.js
[DEBUG] from JAR /Library/Application Support/Titanium/mobilesdk/osx/2.1.2.GA/android/modules/titanium-ui.jar => ti/modules/titanium/ui/widget/webview/json2.js
[DEBUG] from JAR /Library/Application Support/Titanium/mobilesdk/osx/2.1.2.GA/android/modules/titanium-ui.jar => ti/modules/titanium/ui/widget/webview/polling.js
[DEBUG] from JAR /Library/Application Support/Titanium/mobilesdk/osx/2.1.2.GA/android/modules/titanium-ui.jar => ti/modules/titanium/ui/widget/webview/polling.min.js
[DEBUG] from JAR /Library/Application Support/Titanium/mobilesdk/osx/2.1.2.GA/android/titanium.jar => org/appcelerator/titanium/build.properties
[DEBUG] from JAR /Library/Application Support/Titanium/mobilesdk/osx/2.1.2.GA/android/titanium.jar => org/appcelerator/titanium/res/drawable/background.png
[DEBUG] from JAR /Library/Application Support/Titanium/mobilesdk/osx/2.1.2.GA/android/titanium.jar => org/appcelerator/titanium/res/drawable/btn_check_buttonless_on.png
[DEBUG] from JAR /Library/Application Support/Titanium/mobilesdk/osx/2.1.2.GA/android/titanium.jar => org/appcelerator/titanium/res/drawable/btn_check_buttonless_on_18.png
[DEBUG] from JAR /Library/Application Support/Titanium/mobilesdk/osx/2.1.2.GA/android/titanium.jar => org/appcelerator/titanium/res/drawable/btn_check_buttonless_on_48.png
[DEBUG] from JAR /Library/Application Support/Titanium/mobilesdk/osx/2.1.2.GA/android/titanium.jar => org/appcelerator/titanium/res/drawable/btn_more.png
[DEBUG] from JAR /Library/Application Support/Titanium/mobilesdk/osx/2.1.2.GA/android/titanium.jar => org/appcelerator/titanium/res/drawable/btn_more_18.png
[DEBUG] from JAR /Library/Application Support/Titanium/mobilesdk/osx/2.1.2.GA/android/titanium.jar => org/appcelerator/titanium/res/drawable/btn_more_48.png
[DEBUG] from JAR /Library/Application Support/Titanium/mobilesdk/osx/2.1.2.GA/android/titanium.jar => org/appcelerator/titanium/res/drawable/btn_picker_normal.9.png
[DEBUG] from JAR /Library/Application Support/Titanium/mobilesdk/osx/2.1.2.GA/android/titanium.jar => org/appcelerator/titanium/res/drawable/btn_picker_pressed.9.png
[DEBUG] from JAR /Library/Application Support/Titanium/mobilesdk/osx/2.1.2.GA/android/titanium.jar => org/appcelerator/titanium/res/drawable/btn_picker_selected.9.png
[DEBUG] from JAR /Library/Application Support/Titanium/mobilesdk/osx/2.1.2.GA/android/titanium.jar => org/appcelerator/titanium/res/drawable/default_icon.png
[DEBUG] from JAR /Library/Application Support/Titanium/mobilesdk/osx/2.1.2.GA/android/titanium.jar => org/appcelerator/titanium/res/drawable/photoDefault.png
[DEBUG] installing native SDK libs
[DEBUG] Waiting for device to be ready ...
[TRACE] adb devices returned 1 devices/emulators
[DEBUG] Device connected... (waited 0 seconds)
[DEBUG] waited 0.052601 seconds on emulator to get ready
[INFO] Installing application on emulator
[INFO] Launching application ... FirstProject
[TRACE] Launch output: Starting: Intent { act=android.intent.action.MAIN cat=[android.intent.category.LAUNCHER] flg=0x10200000 cmp=com.mycompany.firstapp/.FirstprojectActivity }

[INFO] Deployed FirstProject ... Application should be running.
[INFO] Android Emulator has exited
